 
============================================================ 
 RUN: 15.05.2026 10:25:46,13 
============================================================ 
Already up to date.
D:\uh-analytics-NEW\fetch_data.py:85: FutureWarning: The behavior of DataFrame concatenation with empty or all-NA entries is deprecated. In a future version, this will no longer exclude empty or all-NA columns when determining the result dtypes. To retain the old behavior, exclude the relevant entries before the concat operation.
  combined = pd.concat(frames, ignore_index=True, sort=False)
D:\uh-analytics-NEW\fetch_data.py:85: FutureWarning: The behavior of DataFrame concatenation with empty or all-NA entries is deprecated. In a future version, this will no longer exclude empty or all-NA columns when determining the result dtypes. To retain the old behavior, exclude the relevant entries before the concat operation.
  combined = pd.concat(frames, ignore_index=True, sort=False)
D:\uh-analytics-NEW\fetch_data.py:85: FutureWarning: The behavior of DataFrame concatenation with empty or all-NA entries is deprecated. In a future version, this will no longer exclude empty or all-NA columns when determining the result dtypes. To retain the old behavior, exclude the relevant entries before the concat operation.
  combined = pd.concat(frames, ignore_index=True, sort=False)

==================================================
  UH Analytics — збір даних за 14.05.2026
==================================================

📦 Завантаження 1С UH...
   ✅ UH ORDERS день:  905438.0
   ✅ UH SALES  день:  926460.0

🎯 Завантаження SalesDrive CRM (Excel)...
     ℹ️  Дедуп daily/: 549259 → 75997 рядків
     📂 Читаю: daily/ (62 файлів), всього 75997 рядків
     ⚠️  Замовлень за 2026-05-14 немає
     ℹ️  Тренд поточного місяця: 13 точок
   ⚠️  Помилка CRM: Немає рядків за 2026-05-14

📱 Завантаження Meta Ads...
   ✅ Витрати:    5481.19 UAH
   ✅ Кліки:      2575
   ✅ Результати: 80
   ✅ CPC:        2.13 UAH
   ✅ Кампаній:   17

📈 Завантаження Google Analytics 4...
   📊 Розбивка по сайтах:
      matrasroll.com.ua         · сесій   3952 · ads 29017.24 ₴
      amebli.com.ua             · сесій   4379 · ads 38809.10 ₴
      purple.com.ua             · сесій      0 · ads     0.00 ₴
   ✅ Сесії:        3952
   ✅ Користувачі:  3500
   ✅ Відмови:      33.9%
   ✅ Топ джерел:   10
   ✅ Топ сторінок: 10

📅 Збір місячних даних за 2026-05...
     ℹ️  Дедуп daily/: 549259 → 75997 рядків
     📂 Місячний CRM читаю з: daily/ (62 файлів)
   ✅ Поточний міс (2026-05): 1808 зам. | 9,203,825 ₴ | сер. чек 5,091
   ✅ Менеджерів:  27
   ✅ Товарів:     50

📅 CRM за попередній місяць (2026-04), same-period 1..13...
     📂 Місячний CRM читаю з: months/ (архів за 2026-04), обмеження днів 1..13
   ✅ Прев. місяць (1..13): 1286 зам. | 5,724,543 ₴

📊 Будую multi-month trend (3 місяці назад)...
     ℹ️  Дедуп daily/: 549259 → 75997 рядків
   CRM Березень 2026: 31 днів
   CRM Квітень 2026: 30 днів
   CRM Травень 2026: 13 днів

📊 Будую 1С UH multi-month (ORDERS + SALES)...
   1С UH ORDERS Березень 2026: 30 днів
   1С UH ORDERS Квітень 2026: 30 днів
   1С UH ORDERS Травень 2026: 13 днів
   1С UH SALES Березень 2026: 29 днів
   1С UH SALES Квітень 2026: 29 днів
   1С UH SALES Травень 2026: 12 днів

✅ Збережено: history\2026-05-14.json
==================================================


📊 Генерація дашбордів за 2026-05-14
   📂 Завантажено історію: 30 днів

   📊 Генерація index.html (денний)...
   📅 Генерація month.html (місячний)...

✅ Згенеровано:
   → docs/index.html (день)
   → docs/month.html (місяць)
   → docs/archive/2026-05-14.html
   → docs/archive/month-2026-05.html

🌐 День:   https://grigorijtetlasov-uh.github.io/uh-analytics/
🌐 Місяць: https://grigorijtetlasov-uh.github.io/uh-analytics/month.html

warning: in the working copy of 'logs/daily_2026-05-15.log', LF will be replaced by CRLF the next time Git touches it
[main 88db5e7] Daily auto-report 2026-05-15
 6 files changed, 4557 insertions(+), 264 deletions(-)
 create mode 100644 docs/archive/2026-05-14.html
 create mode 100644 history/2026-05-14.json
 create mode 100644 logs/daily_2026-05-15.log
To https://github.com/grigorijtetlasov-UH/uh-analytics.git
   5228c2e..88db5e7  main -> main
 SUCCESS 
 
============================================================ 
 RUN: 15.05.2026 10:53:56,06 
============================================================ 
error: cannot pull with rebase: You have unstaged changes.
error: Please commit or stash them.
 ERROR 
