 
============================================================ 
 RUN: 17.05.2026 15:47:57,32 
============================================================ 
Already up to date.
^C 
============================================================ 
 RUN: 17.05.2026 15:49:48,69 
============================================================ 
Already up to date.
D:\uh-analytics-NEW\fetch_data.py:85: FutureWarning: The behavior of DataFrame concatenation with empty or all-NA entries is deprecated. In a future version, this will no longer exclude empty or all-NA columns when determining the result dtypes. To retain the old behavior, exclude the relevant entries before the concat operation.
  combined = pd.concat(frames, ignore_index=True, sort=False)
D:\uh-analytics-NEW\sales_kpi.py:128: FutureWarning: The behavior of DataFrame concatenation with empty or all-NA entries is deprecated. In a future version, this will no longer exclude empty or all-NA columns when determining the result dtypes. To retain the old behavior, exclude the relevant entries before the concat operation.
  df = pd.concat(frames, ignore_index=True, sort=False)
D:\uh-analytics-NEW\fetch_data.py:85: FutureWarning: The behavior of DataFrame concatenation with empty or all-NA entries is deprecated. In a future version, this will no longer exclude empty or all-NA columns when determining the result dtypes. To retain the old behavior, exclude the relevant entries before the concat operation.
  combined = pd.concat(frames, ignore_index=True, sort=False)
D:\uh-analytics-NEW\fetch_data.py:85: FutureWarning: The behavior of DataFrame concatenation with empty or all-NA entries is deprecated. In a future version, this will no longer exclude empty or all-NA columns when determining the result dtypes. To retain the old behavior, exclude the relevant entries before the concat operation.
  combined = pd.concat(frames, ignore_index=True, sort=False)

==================================================
  UH Analytics — збір даних за 16.05.2026
==================================================

📦 Завантаження 1С UH...
   ✅ UH ORDERS день:  717114.0
   ✅ UH SALES  день:  215504.0

🎯 Завантаження SalesDrive CRM (Excel)...
     ℹ️  Дедуп daily/: 550694 → 76888 рядків
     📂 Читаю: daily/ (65 файлів), всього 76888 рядків
   📊 KPI день:  конв 87.1% · крос-сейл 18.5% · гарант+чохли 21.0% · відмов 1.8%
   📊 KPI місяць: конв 94.7% · крос-сейл 17.8% · гарант+чохли 13.9% · відмов 4.5%
     ✅ Тренд поточного місяця: 16 точок
   ✅ Файл:        daily/ (65 файлів)
   ✅ Замовлень:   129 (всього 287 рядків)
   ✅ Лідів:       66
   ✅ Виручка:     789,600 ₴ | сер. чек: 6,121
   ✅ Відмови:     4 (3.1%)
   ✅ Місяць:      2212 зам. | 11,513,570 ₴
   ✅ Менеджерів:  16
   ✅ Сайтів:      8
   ✅ Товарів:     30
   ✅ Категорій:   11 | Типів звернень: 8
   ✅ Тренд 30 дн: 16 точок

📱 Завантаження Meta Ads...
   ✅ Витрати:    5385.86 UAH
   ✅ Кліки:      2439
   ✅ Результати: 79
   ✅ CPC:        2.21 UAH
   ✅ Кампаній:   16

📈 Завантаження Google Analytics 4...
   📊 Розбивка по сайтах:
      matrasroll.com.ua         · сесій   3660 · ads 28264.67 ₴
      amebli.com.ua             · сесій   3816 · ads 32868.29 ₴
      purple.com.ua             · сесій      0 · ads     0.00 ₴
   ✅ Сесії:        3660
   ✅ Користувачі:  3242
   ✅ Відмови:      34.2%
   ✅ Топ джерел:   10
   ✅ Топ сторінок: 10

📅 Збір місячних даних за 2026-05...
     ℹ️  Дедуп daily/: 550694 → 76888 рядків
     📂 Місячний CRM читаю з: daily/ (65 файлів)
   ✅ Поточний міс (2026-05): 2212 зам. | 11,513,570 ₴ | сер. чек 5,205
   ✅ Менеджерів:  27
   ✅ Товарів:     50

📅 CRM за попередній місяць (2026-04), same-period 1..16...
     📂 Місячний CRM читаю з: months/ (архів за 2026-04), обмеження днів 1..16
   ✅ Прев. місяць (1..16): 1651 зам. | 7,379,590 ₴

📊 Будую multi-month trend (3 місяці назад)...
     ℹ️  Дедуп daily/: 550694 → 76888 рядків
   CRM Березень 2026: 31 днів
   CRM Квітень 2026: 30 днів
   CRM Травень 2026: 16 днів

📊 Будую 1С UH multi-month (ORDERS + SALES)...
   1С UH ORDERS Березень 2026: 30 днів
   1С UH ORDERS Квітень 2026: 30 днів
   1С UH ORDERS Травень 2026: 15 днів
   1С UH SALES Березень 2026: 29 днів
   1С UH SALES Квітень 2026: 29 днів
   1С UH SALES Травень 2026: 14 днів

✅ Збережено: history\2026-05-16.json
==================================================


📊 Генерація дашбордів за 2026-05-16
   📂 Завантажено історію: 30 днів

   📊 Генерація index.html (денний)...
   📅 Генерація month.html (місячний)...

✅ Згенеровано:
   → docs/index.html (день)
   → docs/month.html (місяць)
   → docs/archive/2026-05-16.html
   → docs/archive/month-2026-05.html

🌐 День:   https://grigorijtetlasov-uh.github.io/uh-analytics/
🌐 Місяць: https://grigorijtetlasov-uh.github.io/uh-analytics/month.html

warning: in the working copy of 'logs/daily_2026-05-17.log', LF will be replaced by CRLF the next time Git touches it
[main 59597be] Daily auto-report 2026-05-17
 6 files changed, 5880 insertions(+), 180 deletions(-)
 create mode 100644 docs/archive/2026-05-16.html
 create mode 100644 history/2026-05-16.json
 create mode 100644 logs/daily_2026-05-17.log
To https://github.com/grigorijtetlasov-UH/uh-analytics.git
   c7d3647..59597be  main -> main
 SUCCESS 
