 
============================================================ 
 RUN: 14.05.2026 10:31:09,67 
============================================================ 
Already up to date.
D:\uh-analytics-NEW\fetch_data.py:85: FutureWarning: The behavior of DataFrame concatenation with empty or all-NA entries is deprecated. In a future version, this will no longer exclude empty or all-NA columns when determining the result dtypes. To retain the old behavior, exclude the relevant entries before the concat operation.
  combined = pd.concat(frames, ignore_index=True, sort=False)
D:\uh-analytics-NEW\fetch_data.py:85: FutureWarning: The behavior of DataFrame concatenation with empty or all-NA entries is deprecated. In a future version, this will no longer exclude empty or all-NA columns when determining the result dtypes. To retain the old behavior, exclude the relevant entries before the concat operation.
  combined = pd.concat(frames, ignore_index=True, sort=False)
D:\uh-analytics-NEW\fetch_data.py:85: FutureWarning: The behavior of DataFrame concatenation with empty or all-NA entries is deprecated. In a future version, this will no longer exclude empty or all-NA columns when determining the result dtypes. To retain the old behavior, exclude the relevant entries before the concat operation.
  combined = pd.concat(frames, ignore_index=True, sort=False)

==================================================
  UH Analytics — збір даних за 13.05.2026
==================================================

📦 Завантаження 1С UH...
   ✅ UH ORDERS день:  796050.0
   ✅ UH SALES  день:  208206.0

🎯 Завантаження SalesDrive CRM (Excel)...
     ℹ️  Дедуп daily/: 548826 → 75738 рядків
     📂 Читаю: daily/ (61 файлів), всього 75738 рядків
     ⚠️  Замовлень за 2026-05-13 немає
     ℹ️  Тренд поточного місяця: 12 точок
   ⚠️  Помилка CRM: Немає рядків за 2026-05-13

📱 Завантаження Meta Ads...
   ✅ Витрати:    6154.49 UAH
   ✅ Кліки:      2767
   ✅ Результати: 88
   ✅ CPC:        2.22 UAH
   ✅ Кампаній:   16

📈 Завантаження Google Analytics 4...
   📊 Розбивка по сайтах:
      matrasroll.com.ua         · сесій   3935 · ads 27828.44 ₴
      amebli.com.ua             · сесій   4926 · ads 35831.78 ₴
      purple.com.ua             · сесій      0 · ads     0.00 ₴
   ✅ Сесії:        3935
   ✅ Користувачі:  3522
   ✅ Відмови:      31.7%
   ✅ Топ джерел:   10
   ✅ Топ сторінок: 10

📅 Збір місячних даних за 2026-05...
     ℹ️  Дедуп daily/: 548826 → 75738 рядків
     📂 Місячний CRM читаю з: daily/ (61 файлів)
   ✅ Поточний міс (2026-05): 1878 зам. | 9,082,647 ₴ | сер. чек 4,836
   ✅ Менеджерів:  26
   ✅ Товарів:     50

📅 CRM за попередній місяць (2026-04), same-period 1..12...
     📂 Місячний CRM читаю з: months/ (архів за 2026-04), обмеження днів 1..12
   ✅ Прев. місяць (1..12): 1404 зам. | 5,899,762 ₴

📊 Будую multi-month trend (3 місяці назад)...
     ℹ️  Дедуп daily/: 548826 → 75738 рядків
   CRM Березень 2026: 31 днів
   CRM Квітень 2026: 30 днів
   CRM Травень 2026: 12 днів

📊 Будую 1С UH multi-month (ORDERS + SALES)...
   1С UH ORDERS Березень 2026: 30 днів
   1С UH ORDERS Квітень 2026: 30 днів
   1С UH ORDERS Травень 2026: 12 днів
   1С UH SALES Березень 2026: 29 днів
   1С UH SALES Квітень 2026: 29 днів
   1С UH SALES Травень 2026: 11 днів

✅ Збережено: history\2026-05-13.json
==================================================


📊 Генерація дашбордів за 2026-05-13
   📂 Завантажено історію: 30 днів

   📊 Генерація index.html (денний)...
   📅 Генерація month.html (місячний)...

✅ Згенеровано:
   → docs/index.html (день)
   → docs/month.html (місяць)
   → docs/archive/2026-05-13.html
   → docs/archive/month-2026-05.html

🌐 День:   https://grigorijtetlasov-uh.github.io/uh-analytics/
🌐 Місяць: https://grigorijtetlasov-uh.github.io/uh-analytics/month.html

warning: in the working copy of 'sales_kpi.py', LF will be replaced by CRLF the next time Git touches it
warning: in the working copy of 'logs/daily_2026-05-14.log', LF will be replaced by CRLF the next time Git touches it
[main 5dca1a9] Daily auto-report 2026-05-14
 7 files changed, 4560 insertions(+), 302 deletions(-)
 create mode 100644 docs/archive/2026-05-13.html
 create mode 100644 history/2026-05-13.json
 create mode 100644 logs/daily_2026-05-14.log
To https://github.com/grigorijtetlasov-UH/uh-analytics.git
   8c81242..5dca1a9  main -> main
 SUCCESS 
