 
============================================================ 
 RUN: 12.05.2026 10:38:54,38 
============================================================ 
Already up to date.
D:\uh-analytics-NEW\fetch_data.py:85: FutureWarning: The behavior of DataFrame concatenation with empty or all-NA entries is deprecated. In a future version, this will no longer exclude empty or all-NA columns when determining the result dtypes. To retain the old behavior, exclude the relevant entries before the concat operation.
  combined = pd.concat(frames, ignore_index=True, sort=False)
D:\uh-analytics-NEW\sales_kpi.py:122: FutureWarning: The behavior of DataFrame concatenation with empty or all-NA entries is deprecated. In a future version, this will no longer exclude empty or all-NA columns when determining the result dtypes. To retain the old behavior, exclude the relevant entries before the concat operation.
  df = pd.concat(frames, ignore_index=True, sort=False)
D:\uh-analytics-NEW\fetch_data.py:85: FutureWarning: The behavior of DataFrame concatenation with empty or all-NA entries is deprecated. In a future version, this will no longer exclude empty or all-NA columns when determining the result dtypes. To retain the old behavior, exclude the relevant entries before the concat operation.
  combined = pd.concat(frames, ignore_index=True, sort=False)
D:\uh-analytics-NEW\fetch_data.py:85: FutureWarning: The behavior of DataFrame concatenation with empty or all-NA entries is deprecated. In a future version, this will no longer exclude empty or all-NA columns when determining the result dtypes. To retain the old behavior, exclude the relevant entries before the concat operation.
  combined = pd.concat(frames, ignore_index=True, sort=False)

==================================================
  UH Analytics — збір даних за 11.05.2026
==================================================

📦 Завантаження 1С UH...
   ✅ UH ORDERS день:  1156277.0
   ✅ UH SALES  день:  —

🎯 Завантаження SalesDrive CRM (Excel)...
     ℹ️  Дедуп daily/: 548313 → 75405 рядків
     📂 Читаю: daily/ (60 файлів), всього 75405 рядків
   📊 KPI день:  конв 86.0% · крос-сейл 15.0% · гарант+чохли 11.1% · відмов 0.6%
   📊 KPI місяць: конв 92.8% · крос-сейл 17.5% · гарант+чохли 12.7% · відмов 2.2%
     ✅ Тренд поточного місяця: 11 точок
   ✅ Файл:        daily/ (60 файлів)
   ✅ Замовлень:   178 (всього 383 рядків)
   ✅ Лідів:       113
   ✅ Виручка:     862,871 ₴ | сер. чек: 4,848
   ✅ Відмови:     18 (10.1%)
   ✅ Місяць:      1703 зам. | 8,352,209 ₴
   ✅ Менеджерів:  18
   ✅ Сайтів:      9
   ✅ Товарів:     30
   ✅ Категорій:   11 | Типів звернень: 9
   ✅ Тренд 30 дн: 11 точок

📱 Завантаження Meta Ads...
   ✅ Витрати:    4551.47 UAH
   ✅ Кліки:      2277
   ✅ Результати: 90
   ✅ CPC:        2.0 UAH
   ✅ Кампаній:   16

📈 Завантаження Google Analytics 4...
   ✅ Сесії:        4022
   ✅ Користувачі:  3507
   ✅ Відмови:      32.8%
   ✅ Топ джерел:   10
   ✅ Топ сторінок: 10

📅 Збір місячних даних за 2026-05...
     ℹ️  Дедуп daily/: 548313 → 75405 рядків
     📂 Місячний CRM читаю з: daily/ (60 файлів)
   ✅ Поточний міс (2026-05): 1703 зам. | 8,352,209 ₴ | сер. чек 4,904
   ✅ Менеджерів:  25
   ✅ Товарів:     50

📅 CRM за попередній місяць (2026-04), same-period 1..11...
     📂 Місячний CRM читаю з: months/ (архів за 2026-04), обмеження днів 1..11
   ✅ Прев. місяць (1..11): 1332 зам. | 5,619,660 ₴

📊 Будую multi-month trend (3 місяці назад)...
     ℹ️  Дедуп daily/: 548313 → 75405 рядків
   CRM Березень 2026: 31 днів
   CRM Квітень 2026: 30 днів
   CRM Травень 2026: 11 днів

📊 Будую 1С UH multi-month (ORDERS + SALES)...
   1С UH ORDERS Березень 2026: 30 днів
   1С UH ORDERS Квітень 2026: 30 днів
   1С UH ORDERS Травень 2026: 10 днів
   1С UH SALES Березень 2026: 29 днів
   1С UH SALES Квітень 2026: 29 днів
   1С UH SALES Травень 2026: 9 днів

✅ Збережено: history\2026-05-11.json
==================================================


📊 Генерація дашбордів за 2026-05-11
   📂 Завантажено історію: 30 днів

   📊 Генерація index.html (денний)...
   📅 Генерація month.html (місячний)...

✅ Згенеровано:
   → docs/index.html (день)
   → docs/month.html (місяць)
   → docs/archive/2026-05-11.html
   → docs/archive/month-2026-05.html

🌐 День:   https://grigorijtetlasov-uh.github.io/uh-analytics/
🌐 Місяць: https://grigorijtetlasov-uh.github.io/uh-analytics/month.html

warning: in the working copy of 'logs/daily_2026-05-12.log', LF will be replaced by CRLF the next time Git touches it
[main b6a036a] Daily auto-report 2026-05-12
 6 files changed, 5138 insertions(+), 122 deletions(-)
 create mode 100644 docs/archive/2026-05-11.html
 create mode 100644 history/2026-05-11.json
 create mode 100644 logs/daily_2026-05-12.log
To https://github.com/grigorijtetlasov-UH/uh-analytics.git
   d963eac..b6a036a  main -> main
 SUCCESS 
 
============================================================ 
 RUN: 12.05.2026 12:15:56,31 
============================================================ 
error: cannot pull with rebase: You have unstaged changes.
error: Please commit or stash them.
 ERROR 
 
============================================================ 
 RUN: 12.05.2026 15:09:56,51 
============================================================ 
error: cannot pull with rebase: You have unstaged changes.
error: Please commit or stash them.
 ERROR 
