===== 2026-06-17T12:51:20Z mci =====
==================================================
  MCI — Market Conditions Index
  Розрахунок...
==================================================
📊 *MCI — Market Conditions Index*
🗓 17.06.2026 12:51

*Індекс: 66/100 🟢 Оптимизм*
💡 _Увеличивать бюджеты, запускать акции_

Недостатньо даних для тренду

─── Суб-індекси ───
🛡️ *security*: 85 ████████░░
    ✅ Немає активних тривог
📈 *economy*: 48 ████░░░░░░
    ⚠️ Курс USD зростає: 44.81 грн — частина покупців прискорює покупки
    💶 Курс EUR: 51.93 грн
    💰 Дні виплат ВПО та соціальних (15-20 число)
⚡ *infrastructure*: 80 ████████░░
    ☀️ Теплий сезон — мінімальний ризик відключень
    📈 Пік онлайн-активності (10:00-14:00)
    📡 Cloudflare Radar: використовуємо оцінку
👥 *social*: 57 █████░░░░░
    💳 Дні виплат ВПО (15-20) — очікується сплеск заявок +15%
    📉 Сезон зниженого попиту
🏠 *realestate*: 70 ███████░░░
    🏗️ Сезон здачі нових ЖК — очікується попит на меблі через 18-22 дні
    🏠 Програма єОселя активна — ~2000 іпотек/міс → покупці через 1-3 міс
🏪 *market*: 35 ███░░░░░░░
    ⬇️ Низький пошуковий попит: 9/100
    📦 Нова Пошта: потрібен API-ключ для реальних даних
☁️ *weather*: 50 █████░░░░░
    ☀️ Тепло (сер. 24°C) — попит на літнє постільне
    🌡️ Київ: 23°C

─── Рекомендація ───
💡 Увеличивать бюджеты, запускать акции

💾 Збережено в історію (17.06.2026 12:51)
[notifier] Telegram not configured — skipping
===== 2026-06-18T05:00:01Z mci =====
==================================================
  MCI — Market Conditions Index
  Розрахунок...
==================================================
📊 *MCI — Market Conditions Index*
🗓 18.06.2026 05:00

*Індекс: 61/100 🟢 Оптимизм*
💡 _Увеличивать бюджеты, запускать акции_

Стабільно: -0.7 за 7 днів

─── Суб-індекси ───
🛡️ *security*: 80 ████████░░
    ✅ Немає активних тривог
    🌙 Нічний час — підвищений ризик атак
📈 *economy*: 48 ████░░░░░░
    ⚠️ Курс USD зростає: 44.81 грн — частина покупців прискорює покупки
    💶 Курс EUR: 51.93 грн
    💰 Дні виплат ВПО та соціальних (15-20 число)
⚡ *infrastructure*: 65 ██████░░░░
    ☀️ Теплий сезон — мінімальний ризик відключень
    🌙 Нічні години — мінімальний трафік
    📡 Cloudflare Radar: використовуємо оцінку
👥 *social*: 57 █████░░░░░
    💳 Дні виплат ВПО (15-20) — очікується сплеск заявок +15%
    📉 Сезон зниженого попиту
🏠 *realestate*: 70 ███████░░░
    🏗️ Сезон здачі нових ЖК — очікується попит на меблі через 18-22 дні
    🏠 Програма єОселя активна — ~2000 іпотек/міс → покупці через 1-3 міс
🏪 *market*: 35 ███░░░░░░░
    ⬇️ Низький пошуковий попит: 4/100
    📦 Нова Пошта: потрібен API-ключ для реальних даних
☁️ *weather*: 53 █████░░░░░
    🌤️ Комфортна температура (сер. 17°C)
    🌡️ Київ: 15°C

─── Рекомендація ───
💡 Увеличивать бюджеты, запускать акции

💾 Збережено в історію (18.06.2026 05:00)
[notifier] Telegram not configured — skipping
